TpTrace Verbose: 0 : 27536, 1, 2023/12/16, 17:44:26.206, 2654913779092, datacollector.dll, Version: 17.8.0-release-23523-03
TpTrace Information: 0 : 27536, 1, 2023/12/16, 17:44:26.208, 2654913806566, datacollector.dll, DataCollectorMain.Run: Starting data collector run with args: --port,50420,--parentprocessid,13124,--diag,E:\Facultate\An1\Sem1\MOPS\TaskBuddy_xunit\bin\Debug\net8.0\fine-code-coverage\coverage-tool-output\diagnostics.datacollector.23-12-16_17-44-26_14187_5.log,--tracelevel,4
TpTrace Information: 0 : 27536, 1, 2023/12/16, 17:44:26.208, 2654913807143, datacollector.dll, DataCollector: Monitoring parent process with id: '13124'
TpTrace Information: 0 : 27536, 1, 2023/12/16, 17:44:26.214, 2654913863248, datacollector.dll, Trying to connect to server on socket : 127.0.0.1:50420 
TpTrace Verbose: 0 : 27536, 1, 2023/12/16, 17:44:26.219, 2654913915425, datacollector.dll, SocketCommunicationManager : SetupClientAsync : Attempting to connect to the server.
TpTrace Information: 0 : 27536, 6, 2023/12/16, 17:44:26.224, 2654913959161, datacollector.dll, Connected to the server successfully 
TpTrace Information: 0 : 27536, 6, 2023/12/16, 17:44:26.224, 2654913959717, datacollector.dll, Using the buffer size of 16384 bytes
TpTrace Information: 0 : 27536, 1, 2023/12/16, 17:44:26.252, 2654914246162, datacollector.dll, DataCollector: Start Request Processing.
TpTrace Verbose: 0 : 27536, 1, 2023/12/16, 17:44:26.252, 2654914247468, datacollector.dll, SocketCommunicationManager.WaitForServerConnection took: 0 ms, with 90000 ms timeout, and finished with True.
TpTrace Information: 0 : 27536, 1, 2023/12/16, 17:44:26.253, 2654914248896, datacollector.dll, DataCollectionRequestHandler.ProcessRequests: Datacollector received message: (DataCollection.BeforeTestRunStart) -> {"MessageType":"DataCollection.BeforeTestRunStart","Payload":{"SettingsXml":"<RunSettings><RunConfiguration><ResultsDirectory>E:\\Facultate\\An1\\Sem1\\MOPS\\TaskBuddy_xunit\\bin\\Debug\\net8.0\\fine-code-coverage\\coverage-tool-output</ResultsDirectory><TargetPlatform>X64</TargetPlatform><TargetFrameworkVersion>.NETCoreApp,Version=v8.0</TargetFrameworkVersion><DesignMode>False</DesignMode><CollectSourceInformation>False</CollectSourceInformation><TestAdaptersPaths>C:\\Program Files\\dotnet\\sdk\\8.0.100\\Extensions</TestAdaptersPaths></RunConfiguration><LoggerRunSettings><Loggers><Logger friendlyName=\"blame\" enabled=\"True\" /><Logger friendlyName=\"Console\" uri=\"logger://microsoft/TestPlatform/ConsoleLogger/v1\" assemblyQualifiedName=\"Microsoft.VisualStudio.TestPlatform.CommandLine.Internal.ConsoleLogger, vstest.console, Version=15.0.0.0, Culture=neutral, PublicKeyToken=b03f5f7f11d50a3a\" codeBase=\"C:\\Program Files\\dotnet\\sdk\\8.0.100\\vstest.console.dll\" enabled=\"True\" /></Loggers></LoggerRunSettings><DataCollectionRunSettings><DataCollectors><DataCollector friendlyName=\"blame\" enabled=\"True\"><Configuration><ResultsDirectory>E:\\Facultate\\An1\\Sem1\\MOPS\\TaskBuddy_xunit\\bin\\Debug\\net8.0\\fine-code-coverage\\coverage-tool-output</ResultsDirectory></Configuration></DataCollector></DataCollectors></DataCollectionRunSettings></RunSettings>","Sources":["E:\\Facultate\\An1\\Sem1\\MOPS\\TaskBuddy_xunit\\bin\\Debug\\net8.0\\fine-code-coverage\\build-output\\TaskBuddy.dll"],"IsTelemetryOptedIn":false}}
TpTrace Verbose: 0 : 27536, 1, 2023/12/16, 17:44:26.276, 2654914482366, datacollector.dll, TestPluginCache: Update extensions started. Skip filter = False
TpTrace Verbose: 0 : 27536, 1, 2023/12/16, 17:44:26.276, 2654914486183, datacollector.dll, TestPluginCache: Using directories for assembly resolution 'C:\Program Files\dotnet\sdk\8.0.100\Extensions'.
TpTrace Verbose: 0 : 27536, 1, 2023/12/16, 17:44:26.276, 2654914486555, datacollector.dll, TestPluginCache: Updated the available extensions to 'C:\Program Files\dotnet\sdk\8.0.100\Extensions\Microsoft.TestPlatform.Extensions.BlameDataCollector.dll,C:\Program Files\dotnet\sdk\8.0.100\Extensions\Microsoft.TestPlatform.Extensions.EventLogCollector.dll'.
TpTrace Verbose: 0 : 27536, 1, 2023/12/16, 17:44:26.279, 2654914514142, datacollector.dll, TestPluginCache.DiscoverTestExtensions: finding test extensions in assemblies ends with: Collector.dll TPluginInfo: Microsoft.VisualStudio.TestPlatform.Common.DataCollector.DataCollectorConfig TExtension: Microsoft.VisualStudio.TestPlatform.ObjectModel.DataCollection.DataCollector
TpTrace Verbose: 0 : 27536, 1, 2023/12/16, 17:44:26.280, 2654914520611, datacollector.dll, TestPluginCache.GetExtensionPaths: Filtered extension paths: C:\Program Files\dotnet\sdk\8.0.100\Extensions\Microsoft.TestPlatform.Extensions.BlameDataCollector.dll
C:\Program Files\dotnet\sdk\8.0.100\Extensions\Microsoft.TestPlatform.Extensions.EventLogCollector.dll
TpTrace Verbose: 0 : 27536, 1, 2023/12/16, 17:44:26.280, 2654914520967, datacollector.dll, TestPluginCache.GetExtensionPaths: Added default extension paths: 
TpTrace Verbose: 0 : 27536, 1, 2023/12/16, 17:44:26.280, 2654914521118, datacollector.dll, TestPluginCache.GetExtensionPaths: Added unfilterableExtensionPaths: 
TpTrace Information: 0 : 27536, 1, 2023/12/16, 17:44:26.280, 2654914524118, datacollector.dll, AssemblyResolver.ctor: Creating AssemblyResolver with searchDirectories C:\Program Files\dotnet\sdk\8.0.100\Extensions,C:\Program Files\dotnet\sdk\8.0.100
TpTrace Verbose: 0 : 27536, 1, 2023/12/16, 17:44:26.280, 2654914528670, datacollector.dll, TestPluginCache.DiscoverTestExtensions: Discovering the extensions using extension path.
TpTrace Verbose: 0 : 27536, 1, 2023/12/16, 17:44:26.281, 2654914529453, datacollector.dll, TestPluginCache.GetExtensionPaths: Filtered extension paths: C:\Program Files\dotnet\sdk\8.0.100\Extensions\Microsoft.TestPlatform.Extensions.BlameDataCollector.dll
C:\Program Files\dotnet\sdk\8.0.100\Extensions\Microsoft.TestPlatform.Extensions.EventLogCollector.dll
TpTrace Verbose: 0 : 27536, 1, 2023/12/16, 17:44:26.281, 2654914529706, datacollector.dll, TestPluginCache.GetExtensionPaths: Added default extension paths: 
TpTrace Verbose: 0 : 27536, 1, 2023/12/16, 17:44:26.281, 2654914529831, datacollector.dll, TestPluginCache.GetExtensionPaths: Added unfilterableExtensionPaths: 
TpTrace Verbose: 0 : 27536, 1, 2023/12/16, 17:44:26.281, 2654914530057, datacollector.dll, TestPluginCache.DiscoverTestExtensions: Discovering the extensions using allExtensionPaths: C:\Program Files\dotnet\sdk\8.0.100\Extensions\Microsoft.TestPlatform.Extensions.BlameDataCollector.dll
C:\Program Files\dotnet\sdk\8.0.100\Extensions\Microsoft.TestPlatform.Extensions.EventLogCollector.dll
TpTrace Information: 0 : 27536, 1, 2023/12/16, 17:44:26.281, 2654914530556, datacollector.dll, AssemblyResolver.AddSearchDirectories: Adding more searchDirectories C:\Program Files\dotnet\sdk\8.0.100\Extensions,C:\Program Files\dotnet\sdk\8.0.100
TpTrace Information: 0 : 27536, 1, 2023/12/16, 17:44:26.281, 2654914530882, datacollector.dll, AssemblyResolver.AddSearchDirectories: Adding more searchDirectories C:\Program Files\dotnet\sdk\8.0.100\Extensions,C:\Program Files\dotnet\sdk\8.0.100
TpTrace Information: 0 : 27536, 1, 2023/12/16, 17:44:26.281, 2654914533827, datacollector.dll, AssemblyResolver.OnResolve: Microsoft.TestPlatform.Extensions.BlameDataCollector: Resolving assembly.
TpTrace Information: 0 : 27536, 1, 2023/12/16, 17:44:26.281, 2654914534246, datacollector.dll, AssemblyResolver.OnResolve: Microsoft.TestPlatform.Extensions.BlameDataCollector: Searching in: 'C:\Program Files\dotnet\sdk\8.0.100\Extensions'.
TpTrace Information: 0 : 27536, 1, 2023/12/16, 17:44:26.285, 2654914572063, datacollector.dll, AssemblyResolver.OnResolve: Microsoft.TestPlatform.Extensions.BlameDataCollector: Loading assembly 'C:\Program Files\dotnet\sdk\8.0.100\Extensions\Microsoft.TestPlatform.Extensions.BlameDataCollector.dll'.
TpTrace Information: 0 : 27536, 1, 2023/12/16, 17:44:26.285, 2654914576423, datacollector.dll, AssemblyResolver.OnResolve: Resolved assembly: Microsoft.TestPlatform.Extensions.BlameDataCollector, from path: C:\Program Files\dotnet\sdk\8.0.100\Extensions\Microsoft.TestPlatform.Extensions.BlameDataCollector.dll
TpTrace Verbose: 0 : 27536, 1, 2023/12/16, 17:44:26.288, 2654914605065, datacollector.dll, MetadataReaderExtensionsHelper: Discovering extensions inside assembly 'Microsoft.TestPlatform.Extensions.BlameDataCollector, Version=15.0.0.0, Culture=neutral, PublicKeyToken=b03f5f7f11d50a3a' file path 'C:\Program Files\dotnet\sdk\8.0.100\Extensions\Microsoft.TestPlatform.Extensions.BlameDataCollector.dll'
TpTrace Error: 0 : 27536, 1, 2023/12/16, 17:44:26.290, 2654914621815, datacollector.dll, The type "Microsoft.TestPlatform.Extensions.BlameDataCollector.BlameCollector" defined in "Microsoft.TestPlatform.Extensions.BlameDataCollector.dll" does not have ExtensionUri attribute.
TpTrace Information: 0 : 27536, 1, 2023/12/16, 17:44:26.292, 2654914641204, datacollector.dll, GetTestExtensionFromType: Register extension with identifier data 'datacollector://microsoft/TestPlatform/Extensions/Blame/v1' and type 'Microsoft.TestPlatform.Extensions.BlameDataCollector.BlameCollector, Microsoft.TestPlatform.Extensions.BlameDataCollector, Version=15.0.0.0, Culture=neutral, PublicKeyToken=b03f5f7f11d50a3a' inside file 'C:\Program Files\dotnet\sdk\8.0.100\Extensions\Microsoft.TestPlatform.Extensions.BlameDataCollector.dll'
TpTrace Information: 0 : 27536, 1, 2023/12/16, 17:44:26.292, 2654914641879, datacollector.dll, AssemblyResolver.OnResolve: Microsoft.TestPlatform.Extensions.EventLogCollector: Resolving assembly.
TpTrace Information: 0 : 27536, 1, 2023/12/16, 17:44:26.292, 2654914642101, datacollector.dll, AssemblyResolver.OnResolve: Microsoft.TestPlatform.Extensions.EventLogCollector: Searching in: 'C:\Program Files\dotnet\sdk\8.0.100\Extensions'.
TpTrace Information: 0 : 27536, 1, 2023/12/16, 17:44:26.292, 2654914646683, datacollector.dll, AssemblyResolver.OnResolve: Microsoft.TestPlatform.Extensions.EventLogCollector: Loading assembly 'C:\Program Files\dotnet\sdk\8.0.100\Extensions\Microsoft.TestPlatform.Extensions.EventLogCollector.dll'.
TpTrace Information: 0 : 27536, 1, 2023/12/16, 17:44:26.293, 2654914650096, datacollector.dll, AssemblyResolver.OnResolve: Resolved assembly: Microsoft.TestPlatform.Extensions.EventLogCollector, from path: C:\Program Files\dotnet\sdk\8.0.100\Extensions\Microsoft.TestPlatform.Extensions.EventLogCollector.dll
TpTrace Verbose: 0 : 27536, 1, 2023/12/16, 17:44:26.293, 2654914650896, datacollector.dll, MetadataReaderExtensionsHelper: Discovering extensions inside assembly 'Microsoft.TestPlatform.Extensions.EventLogCollector, Version=15.0.0.0, Culture=neutral, PublicKeyToken=b03f5f7f11d50a3a' file path 'C:\Program Files\dotnet\sdk\8.0.100\Extensions\Microsoft.TestPlatform.Extensions.EventLogCollector.dll'
TpTrace Error: 0 : 27536, 1, 2023/12/16, 17:44:26.295, 2654914670657, datacollector.dll, The type "Microsoft.TestPlatform.Extensions.EventLogCollector.EventLogDataCollector" defined in "Microsoft.TestPlatform.Extensions.EventLogCollector.dll" does not have ExtensionUri attribute.
TpTrace Information: 0 : 27536, 1, 2023/12/16, 17:44:26.295, 2654914672737, datacollector.dll, GetTestExtensionFromType: Register extension with identifier data 'datacollector://microsoft/EventLog/2.0' and type 'Microsoft.TestPlatform.Extensions.EventLogCollector.EventLogDataCollector, Microsoft.TestPlatform.Extensions.EventLogCollector, Version=15.0.0.0, Culture=neutral, PublicKeyToken=b03f5f7f11d50a3a' inside file 'C:\Program Files\dotnet\sdk\8.0.100\Extensions\Microsoft.TestPlatform.Extensions.EventLogCollector.dll'
TpTrace Verbose: 0 : 27536, 1, 2023/12/16, 17:44:26.295, 2654914674096, datacollector.dll, TestPluginCache: Discovered the extensions using extension path 'C:\Program Files\dotnet\sdk\8.0.100\Extensions\Microsoft.TestPlatform.Extensions.BlameDataCollector.dll,C:\Program Files\dotnet\sdk\8.0.100\Extensions\Microsoft.TestPlatform.Extensions.EventLogCollector.dll'.
TpTrace Verbose: 0 : 27536, 1, 2023/12/16, 17:44:26.295, 2654914674400, datacollector.dll, TestPluginCache: Discoverers are ''.
TpTrace Verbose: 0 : 27536, 1, 2023/12/16, 17:44:26.295, 2654914674534, datacollector.dll, TestPluginCache: Executors are ''.
TpTrace Verbose: 0 : 27536, 1, 2023/12/16, 17:44:26.295, 2654914674651, datacollector.dll, TestPluginCache: Executors2 are ''.
TpTrace Verbose: 0 : 27536, 1, 2023/12/16, 17:44:26.295, 2654914674817, datacollector.dll, TestPluginCache: Setting providers are ''.
TpTrace Verbose: 0 : 27536, 1, 2023/12/16, 17:44:26.295, 2654914674958, datacollector.dll, TestPluginCache: Loggers are ''.
TpTrace Verbose: 0 : 27536, 1, 2023/12/16, 17:44:26.295, 2654914675075, datacollector.dll, TestPluginCache: TestHosts are ''.
TpTrace Verbose: 0 : 27536, 1, 2023/12/16, 17:44:26.295, 2654914676081, datacollector.dll, TestPluginCache: DataCollectors are 'datacollector://microsoft/TestPlatform/Extensions/Blame/v1,datacollector://microsoft/EventLog/2.0'.
TpTrace Information: 0 : 27536, 1, 2023/12/16, 17:44:26.296, 2654914684364, datacollector.dll, TestPluginManager.CreateTestExtension: Attempting to load test extension: Microsoft.TestPlatform.Extensions.BlameDataCollector.BlameCollector
TpTrace Information: 0 : 27536, 1, 2023/12/16, 17:44:26.298, 2654914704172, datacollector.dll, [MonitorPostmortemDump]Monitor enabled: 'False'
TpTrace Verbose: 0 : 27536, 1, 2023/12/16, 17:44:26.298, 2654914708246, datacollector.dll, MulticastDelegateUtilities.SafeInvoke: DataCollectionEvents.SessionStart: Invoking callbacks was skipped because there are no subscribers.
TpTrace Information: 0 : 27536, 1, 2023/12/16, 17:44:26.299, 2654914710943, datacollector.dll, Listening on Endpoint : 127.0.0.1:50422
TpTrace Information: 0 : 27536, 1, 2023/12/16, 17:44:26.302, 2654914743800, datacollector.dll, DataCollectionRequestHandler.ProcessRequests : DataCollection started.
TpTrace Information: 0 : 27536, 1, 2023/12/16, 17:44:26.328, 2654915008493, datacollector.dll, DataCollectionRequestHandler.ProcessRequests: Datacollector received message: (DataCollection.TestHostLaunched) -> {"MessageType":"DataCollection.TestHostLaunched","Payload":{"ProcessId":24800}}
TpTrace Verbose: 0 : 27536, 1, 2023/12/16, 17:44:26.330, 2654915023078, datacollector.dll, MulticastDelegateUtilities.SafeInvoke: DataCollectionEvents.TestHostLaunched: Invoking callback 1/1 for Microsoft.TestPlatform.Extensions.BlameDataCollector.BlameCollector., took 0 ms.
TpTrace Information: 0 : 27536, 9, 2023/12/16, 17:44:26.466, 2654916386590, datacollector.dll, Using the buffer size of 16384 bytes
TpTrace Verbose: 0 : 27536, 6, 2023/12/16, 17:44:26.466, 2654916386913, datacollector.dll, SocketCommunicationManager.WaitForClientConnection took: 165 ms, with 90000 ms timeout, and finished with True.
TpTrace Information: 0 : 27536, 9, 2023/12/16, 17:44:26.466, 2654916387485, datacollector.dll, Accepted Client request and set the flag
TpTrace Information: 0 : 27536, 6, 2023/12/16, 17:44:26.735, 2654919070431, datacollector.dll, DataCollectionTestCaseEventHandler: Test case starting.
TpTrace Information: 0 : 27536, 6, 2023/12/16, 17:44:26.740, 2654919122485, datacollector.dll, BlameCollector.EventsTestCaseStart: Test Case Start
TpTrace Verbose: 0 : 27536, 6, 2023/12/16, 17:44:26.740, 2654919123813, datacollector.dll, MulticastDelegateUtilities.SafeInvoke: DataCollectionEvents.TestCaseStart: Invoking callback 1/1 for Microsoft.TestPlatform.Extensions.BlameDataCollector.BlameCollector., took 0 ms.
TpTrace Information: 0 : 27536, 6, 2023/12/16, 17:44:26.740, 2654919124958, datacollector.dll, DataCollectionTestCaseEventHandler: Test case 'TaskBuddy.Tests.TestTaskuri.CanUpdateTaskuri - 24a04280-5dcd-efbe-6afc-1ed260a0778e' started.
TpTrace Information: 0 : 27536, 6, 2023/12/16, 17:44:26.741, 2654919130806, datacollector.dll, DataCollectionTestCaseEventHandler: Test case starting.
TpTrace Information: 0 : 27536, 6, 2023/12/16, 17:44:26.741, 2654919135183, datacollector.dll, BlameCollector.EventsTestCaseStart: Test Case Start
TpTrace Verbose: 0 : 27536, 6, 2023/12/16, 17:44:26.741, 2654919135590, datacollector.dll, MulticastDelegateUtilities.SafeInvoke: DataCollectionEvents.TestCaseStart: Invoking callback 1/1 for Microsoft.TestPlatform.Extensions.BlameDataCollector.BlameCollector., took 0 ms.
TpTrace Information: 0 : 27536, 6, 2023/12/16, 17:44:26.741, 2654919136241, datacollector.dll, DataCollectionTestCaseEventHandler: Test case 'TaskBuddy.Tests.Notificari.VerifyDeadLine - a992a959-963c-8633-60e7-70638759047c' started.
TpTrace Information: 0 : 27536, 6, 2023/12/16, 17:44:26.744, 2654919165914, datacollector.dll, DataCollectionTestCaseEventHandler: Test case completing.
TpTrace Information: 0 : 27536, 6, 2023/12/16, 17:44:26.746, 2654919184888, datacollector.dll, BlameCollector.EventsTestCaseEnd: Test Case End
TpTrace Verbose: 0 : 27536, 6, 2023/12/16, 17:44:26.746, 2654919186034, datacollector.dll, MulticastDelegateUtilities.SafeInvoke: DataCollectionEvents.TestCaseEnd: Invoking callback 1/1 for Microsoft.TestPlatform.Extensions.BlameDataCollector.BlameCollector., took 0 ms.
TpTrace Information: 0 : 27536, 6, 2023/12/16, 17:44:26.747, 2654919197799, datacollector.dll, DataCollectionTestCaseEventHandler: Test case 'TaskBuddy.Tests.Notificari.VerifyDeadLine - a992a959-963c-8633-60e7-70638759047c' completed
TpTrace Information: 0 : 27536, 6, 2023/12/16, 17:44:27.156, 2654923283422, datacollector.dll, DataCollectionTestCaseEventHandler: Test case completing.
TpTrace Information: 0 : 27536, 6, 2023/12/16, 17:44:27.157, 2654923290404, datacollector.dll, BlameCollector.EventsTestCaseEnd: Test Case End
TpTrace Verbose: 0 : 27536, 6, 2023/12/16, 17:44:27.157, 2654923290866, datacollector.dll, MulticastDelegateUtilities.SafeInvoke: DataCollectionEvents.TestCaseEnd: Invoking callback 1/1 for Microsoft.TestPlatform.Extensions.BlameDataCollector.BlameCollector., took 0 ms.
TpTrace Information: 0 : 27536, 6, 2023/12/16, 17:44:27.157, 2654923292402, datacollector.dll, DataCollectionTestCaseEventHandler: Test case 'TaskBuddy.Tests.TestTaskuri.CanUpdateTaskuri - 24a04280-5dcd-efbe-6afc-1ed260a0778e' completed
TpTrace Information: 0 : 27536, 6, 2023/12/16, 17:44:27.158, 2654923300327, datacollector.dll, DataCollectionTestCaseEventHandler: Test case starting.
TpTrace Information: 0 : 27536, 6, 2023/12/16, 17:44:27.158, 2654923303766, datacollector.dll, BlameCollector.EventsTestCaseStart: Test Case Start
TpTrace Verbose: 0 : 27536, 6, 2023/12/16, 17:44:27.158, 2654923304110, datacollector.dll, MulticastDelegateUtilities.SafeInvoke: DataCollectionEvents.TestCaseStart: Invoking callback 1/1 for Microsoft.TestPlatform.Extensions.BlameDataCollector.BlameCollector., took 0 ms.
TpTrace Information: 0 : 27536, 6, 2023/12/16, 17:44:27.158, 2654923304606, datacollector.dll, DataCollectionTestCaseEventHandler: Test case 'TaskBuddy.Tests.TestTaskuri.CanGetTaskuri - 852c271a-b94a-d35c-8ca0-1a2878f2d019' started.
TpTrace Information: 0 : 27536, 6, 2023/12/16, 17:44:27.163, 2654923350558, datacollector.dll, DataCollectionTestCaseEventHandler: Test case completing.
TpTrace Information: 0 : 27536, 6, 2023/12/16, 17:44:27.163, 2654923355837, datacollector.dll, BlameCollector.EventsTestCaseEnd: Test Case End
TpTrace Verbose: 0 : 27536, 6, 2023/12/16, 17:44:27.163, 2654923356660, datacollector.dll, MulticastDelegateUtilities.SafeInvoke: DataCollectionEvents.TestCaseEnd: Invoking callback 1/1 for Microsoft.TestPlatform.Extensions.BlameDataCollector.BlameCollector., took 0 ms.
TpTrace Information: 0 : 27536, 6, 2023/12/16, 17:44:27.163, 2654923357579, datacollector.dll, DataCollectionTestCaseEventHandler: Test case 'TaskBuddy.Tests.TestTaskuri.CanGetTaskuri - 852c271a-b94a-d35c-8ca0-1a2878f2d019' completed
TpTrace Information: 0 : 27536, 6, 2023/12/16, 17:44:27.164, 2654923362191, datacollector.dll, DataCollectionTestCaseEventHandler: Test case starting.
TpTrace Information: 0 : 27536, 6, 2023/12/16, 17:44:27.164, 2654923366310, datacollector.dll, BlameCollector.EventsTestCaseStart: Test Case Start
TpTrace Verbose: 0 : 27536, 6, 2023/12/16, 17:44:27.164, 2654923366809, datacollector.dll, MulticastDelegateUtilities.SafeInvoke: DataCollectionEvents.TestCaseStart: Invoking callback 1/1 for Microsoft.TestPlatform.Extensions.BlameDataCollector.BlameCollector., took 0 ms.
TpTrace Information: 0 : 27536, 6, 2023/12/16, 17:44:27.164, 2654923367352, datacollector.dll, DataCollectionTestCaseEventHandler: Test case 'TaskBuddy.Tests.TestTaskuri.CanAddTask - d21e2d7c-1aaa-85b1-7e4b-a83294318662' started.
TpTrace Information: 0 : 27536, 6, 2023/12/16, 17:44:27.169, 2654923411598, datacollector.dll, DataCollectionTestCaseEventHandler: Test case completing.
TpTrace Information: 0 : 27536, 6, 2023/12/16, 17:44:27.169, 2654923415082, datacollector.dll, BlameCollector.EventsTestCaseEnd: Test Case End
TpTrace Verbose: 0 : 27536, 6, 2023/12/16, 17:44:27.169, 2654923415565, datacollector.dll, MulticastDelegateUtilities.SafeInvoke: DataCollectionEvents.TestCaseEnd: Invoking callback 1/1 for Microsoft.TestPlatform.Extensions.BlameDataCollector.BlameCollector., took 0 ms.
TpTrace Information: 0 : 27536, 6, 2023/12/16, 17:44:27.169, 2654923416240, datacollector.dll, DataCollectionTestCaseEventHandler: Test case 'TaskBuddy.Tests.TestTaskuri.CanAddTask - d21e2d7c-1aaa-85b1-7e4b-a83294318662' completed
TpTrace Information: 0 : 27536, 6, 2023/12/16, 17:44:27.170, 2654923419742, datacollector.dll, DataCollectionTestCaseEventHandler: Test case starting.
TpTrace Information: 0 : 27536, 6, 2023/12/16, 17:44:27.170, 2654923422756, datacollector.dll, BlameCollector.EventsTestCaseStart: Test Case Start
TpTrace Verbose: 0 : 27536, 6, 2023/12/16, 17:44:27.170, 2654923423127, datacollector.dll, MulticastDelegateUtilities.SafeInvoke: DataCollectionEvents.TestCaseStart: Invoking callback 1/1 for Microsoft.TestPlatform.Extensions.BlameDataCollector.BlameCollector., took 0 ms.
TpTrace Information: 0 : 27536, 6, 2023/12/16, 17:44:27.170, 2654923423677, datacollector.dll, DataCollectionTestCaseEventHandler: Test case 'TaskBuddy.Tests.TestTaskuri.CanDeleteTaskuri - 5833fcf1-21b5-0f83-7ea5-89285a71ff60' started.
TpTrace Information: 0 : 27536, 6, 2023/12/16, 17:44:27.177, 2654923497816, datacollector.dll, DataCollectionTestCaseEventHandler: Test case completing.
TpTrace Information: 0 : 27536, 6, 2023/12/16, 17:44:27.178, 2654923501835, datacollector.dll, BlameCollector.EventsTestCaseEnd: Test Case End
TpTrace Verbose: 0 : 27536, 6, 2023/12/16, 17:44:27.178, 2654923502295, datacollector.dll, MulticastDelegateUtilities.SafeInvoke: DataCollectionEvents.TestCaseEnd: Invoking callback 1/1 for Microsoft.TestPlatform.Extensions.BlameDataCollector.BlameCollector., took 0 ms.
TpTrace Information: 0 : 27536, 6, 2023/12/16, 17:44:27.178, 2654923503158, datacollector.dll, DataCollectionTestCaseEventHandler: Test case 'TaskBuddy.Tests.TestTaskuri.CanDeleteTaskuri - 5833fcf1-21b5-0f83-7ea5-89285a71ff60' completed
TpTrace Information: 0 : 27536, 6, 2023/12/16, 17:44:27.182, 2654923545196, datacollector.dll, DataCollectionTestCaseEventHandler: Test session ended
TpTrace Information: 0 : 27536, 1, 2023/12/16, 17:44:27.235, 2654924068945, datacollector.dll, DataCollectionRequestHandler.ProcessRequests: Datacollector received message: (DataCollection.AfterTestRunEnd) -> {"MessageType":"DataCollection.AfterTestRunEnd","Payload":false}
TpTrace Information: 0 : 27536, 1, 2023/12/16, 17:44:27.235, 2654924076029, datacollector.dll, Blame Collector: Session End
TpTrace Information: 0 : 27536, 1, 2023/12/16, 17:44:27.235, 2654924076492, datacollector.dll, BlameCollector.CollectDumpAndAbortTesthost: Custom path to dump directory was provided via VSTEST_DUMP_PATH. Skipping attachment upload, the caller is responsible for collecting and uploading the dumps themselves.
TpTrace Verbose: 0 : 27536, 1, 2023/12/16, 17:44:27.235, 2654924076979, datacollector.dll, MulticastDelegateUtilities.SafeInvoke: DataCollectionEvents.SessionEnd: Invoking callback 1/1 for Microsoft.TestPlatform.Extensions.BlameDataCollector.BlameCollector., took 0 ms.
TpTrace Information: 0 : 27536, 1, 2023/12/16, 17:44:27.236, 2654924080224, datacollector.dll, DataCollectionManager.CleanupPlugins: CleanupPlugins called
TpTrace Verbose: 0 : 27536, 1, 2023/12/16, 17:44:27.236, 2654924080562, datacollector.dll, DataCollectionManager.CleanupPlugins: Cleaning up 1 plugins
TpTrace Verbose: 0 : 27536, 1, 2023/12/16, 17:44:27.236, 2654924081090, datacollector.dll, dataCollectorInfo.DisposeDataCollector: calling Dispose() on Microsoft.TestPlatform.Extensions.BlameDataCollector.BlameCollector
TpTrace Information: 0 : 27536, 1, 2023/12/16, 17:44:27.236, 2654924081580, datacollector.dll, DataCollectionManager.CleanupPlugins: CleanupPlugins finished
TpTrace Information: 0 : 27536, 1, 2023/12/16, 17:44:27.239, 2654924109820, datacollector.dll, DataCollectionRequestHandler.ProcessRequests : Session End message received from server. Closing the connection.
TpTrace Information: 0 : 27536, 1, 2023/12/16, 17:44:27.239, 2654924111517, datacollector.dll, Closing the connection !
TpTrace Information: 0 : 27536, 1, 2023/12/16, 17:44:27.239, 2654924111811, datacollector.dll, DataCollectionRequestHandler.ProcessRequests : DataCollection completed
TpTrace Information: 0 : 27536, 1, 2023/12/16, 17:44:27.239, 2654924111970, datacollector.dll, Program.Main: exiting datacollector process.
