TpTrace Verbose: 0 : 24800, 1, 2023/12/16, 17:44:26.441, 2654916135513, testhost.dll, Version: 17.8.0 Current process architecture: X64
TpTrace Verbose: 0 : 24800, 1, 2023/12/16, 17:44:26.446, 2654916180677, testhost.dll, Runtime location: C:\Program Files\dotnet\shared\Microsoft.NETCore.App\8.0.0
TpTrace Information: 0 : 24800, 1, 2023/12/16, 17:44:26.447, 2654916197940, testhost.dll, DefaultEngineInvoker.Invoke: Testhost process started with args :[--port, 50423],[--endpoint, 127.0.0.1:050423],[--role, client],[--parentprocessid, 13124],[--diag, E:\Facultate\An1\Sem1\MOPS\TaskBuddy_xunit\bin\Debug\net8.0\fine-code-coverage\coverage-tool-output\diagnostics.host.23-12-16_17-44-26_30588_5.log],[--tracelevel, 4],[--datacollectionport, 50422],[--telemetryoptedin, false]
TpTrace Information: 0 : 24800, 1, 2023/12/16, 17:44:26.450, 2654916219335, testhost.dll, Setting up debug trace listener.
TpTrace Verbose: 0 : 24800, 1, 2023/12/16, 17:44:26.450, 2654916220111, testhost.dll, TestPlatformTraceListener.Setup: Replacing listener System.Diagnostics.DefaultTraceListener with TestHostTraceListener.
TpTrace Verbose: 0 : 24800, 1, 2023/12/16, 17:44:26.450, 2654916220607, testhost.dll, TestPlatformTraceListener.Setup: Added test platform trace listener.
TpTrace Information: 0 : 24800, 1, 2023/12/16, 17:44:26.450, 2654916222001, testhost.dll, DefaultEngineInvoker.SetParentProcessExitCallback: Monitoring parent process with id: '13124'
TpTrace Information: 0 : 24800, 1, 2023/12/16, 17:44:26.452, 2654916241853, testhost.dll, DefaultEngineInvoker.GetConnectionInfo: Initialize communication on endpoint address: '127.0.0.1:050423'
TpTrace Information: 0 : 24800, 1, 2023/12/16, 17:44:26.459, 2654916314326, testhost.dll, SocketClient.Start: connecting to server endpoint: 127.0.0.1:050423
TpTrace Information: 0 : 24800, 9, 2023/12/16, 17:44:26.463, 2654916349725, testhost.dll, SocketClient.OnServerConnected: connected to server endpoint: 127.0.0.1:050423
TpTrace Verbose: 0 : 24800, 9, 2023/12/16, 17:44:26.464, 2654916363119, testhost.dll, MulticastDelegateUtilities.SafeInvoke: SocketClient: ServerConnected: Invoking callback 1/1 for Microsoft.VisualStudio.TestPlatform.CommunicationUtilities.TestRequestHandler., took 0 ms.
TpTrace Verbose: 0 : 24800, 9, 2023/12/16, 17:44:26.464, 2654916363679, testhost.dll, Connected to server, and starting MessageLoopAsync
TpTrace Information: 0 : 24800, 1, 2023/12/16, 17:44:26.464, 2654916365945, testhost.dll, DefaultEngineInvoker.ConnectToDatacollector: Connecting to datacollector, port: 50422
TpTrace Information: 0 : 24800, 1, 2023/12/16, 17:44:26.465, 2654916371947, testhost.dll, Trying to connect to server on socket : 127.0.0.1:50422 
TpTrace Verbose: 0 : 24800, 1, 2023/12/16, 17:44:26.465, 2654916373813, testhost.dll, SocketCommunicationManager : SetupClientAsync : Attempting to connect to the server.
TpTrace Information: 0 : 24800, 11, 2023/12/16, 17:44:26.467, 2654916389403, testhost.dll, Connected to the server successfully 
TpTrace Information: 0 : 24800, 11, 2023/12/16, 17:44:26.467, 2654916389835, testhost.dll, Using the buffer size of 16384 bytes
TpTrace Verbose: 0 : 24800, 1, 2023/12/16, 17:44:26.467, 2654916390179, testhost.dll, SocketCommunicationManager.WaitForServerConnection took: 0 ms, with 90000 ms timeout, and finished with True.
TpTrace Information: 0 : 24800, 1, 2023/12/16, 17:44:26.467, 2654916391029, testhost.dll, DefaultEngineInvoker.Invoke: Start Request Processing.
TpTrace Information: 0 : 24800, 12, 2023/12/16, 17:44:26.467, 2654916395553, testhost.dll, DefaultEngineInvoker.StartProcessingAsync: Connected to vstest.console, Starting process requests.
TpTrace Verbose: 0 : 24800, 7, 2023/12/16, 17:44:26.468, 2654916402430, testhost.dll, TcpClientExtensions.MessageLoopAsync: Polling on remoteEndPoint: [::ffff:127.0.0.1]:50423 localEndPoint: [::ffff:127.0.0.1]:50424
TpTrace Verbose: 0 : 24800, 7, 2023/12/16, 17:44:26.468, 2654916403058, testhost.dll, TcpClientExtensions.MessageLoopAsync: NotifyDataAvailable remoteEndPoint: [::ffff:127.0.0.1]:50423 localEndPoint: [::ffff:127.0.0.1]:50424
TpTrace Information: 0 : 24800, 7, 2023/12/16, 17:44:26.470, 2654916421974, testhost.dll, TestRequestHandler.OnMessageReceived: received message: (ProtocolVersion) -> {"MessageType":"ProtocolVersion","Payload":7}
TpTrace Verbose: 0 : 24800, 7, 2023/12/16, 17:44:26.529, 2654917017961, testhost.dll, TestRequestHandler.SendData: sending data from testhost: {"Version":7,"MessageType":"TestSession.Message","Payload":{"MessageLevel":0,"Message":"Logging TestHost Diagnostics in file: E:\\Facultate\\An1\\Sem1\\MOPS\\TaskBuddy_xunit\\bin\\Debug\\net8.0\\fine-code-coverage\\coverage-tool-output\\diagnostics.host.23-12-16_17-44-26_30588_5.log"}}
TpTrace Verbose: 0 : 24800, 7, 2023/12/16, 17:44:26.530, 2654917018967, testhost.dll, MulticastDelegateUtilities.SafeInvoke: LengthPrefixCommunicationChannel: MessageReceived: Invoking callback 1/1 for Microsoft.VisualStudio.TestPlatform.CommunicationUtilities.TestRequestHandler., took 61 ms.
TpTrace Verbose: 0 : 24800, 7, 2023/12/16, 17:44:26.530, 2654917019239, testhost.dll, TcpClientExtensions.MessageLoopAsync: Polling on remoteEndPoint: [::ffff:127.0.0.1]:50423 localEndPoint: [::ffff:127.0.0.1]:50424
TpTrace Verbose: 0 : 24800, 7, 2023/12/16, 17:44:26.530, 2654917019491, testhost.dll, TcpClientExtensions.MessageLoopAsync: NotifyDataAvailable remoteEndPoint: [::ffff:127.0.0.1]:50423 localEndPoint: [::ffff:127.0.0.1]:50424
TpTrace Information: 0 : 24800, 7, 2023/12/16, 17:44:26.530, 2654917021033, testhost.dll, TestRequestHandler.OnMessageReceived: received message: (TestExecution.Initialize) -> {"Version":7,"MessageType":"TestExecution.Initialize","Payload":["E:\\Facultate\\An1\\Sem1\\MOPS\\TaskBuddy_xunit\\bin\\Debug\\net8.0\\fine-code-coverage\\build-output\\xunit.runner.visualstudio.dotnetcore.testadapter.dll"]}
TpTrace Verbose: 0 : 24800, 7, 2023/12/16, 17:44:26.534, 2654917067535, testhost.dll, MulticastDelegateUtilities.SafeInvoke: LengthPrefixCommunicationChannel: MessageReceived: Invoking callback 1/1 for Microsoft.VisualStudio.TestPlatform.CommunicationUtilities.TestRequestHandler., took 4 ms.
TpTrace Verbose: 0 : 24800, 7, 2023/12/16, 17:44:26.534, 2654917068184, testhost.dll, TcpClientExtensions.MessageLoopAsync: Polling on remoteEndPoint: [::ffff:127.0.0.1]:50423 localEndPoint: [::ffff:127.0.0.1]:50424
TpTrace Verbose: 0 : 24800, 7, 2023/12/16, 17:44:26.534, 2654917068455, testhost.dll, TcpClientExtensions.MessageLoopAsync: NotifyDataAvailable remoteEndPoint: [::ffff:127.0.0.1]:50423 localEndPoint: [::ffff:127.0.0.1]:50424
TpTrace Information: 0 : 24800, 7, 2023/12/16, 17:44:26.535, 2654917069015, testhost.dll, TestRequestHandler.OnMessageReceived: received message: (TestExecution.StartWithSources) -> {"Version":7,"MessageType":"TestExecution.StartWithSources","Payload":{"AdapterSourceMap":{"_none_":["E:\\Facultate\\An1\\Sem1\\MOPS\\TaskBuddy_xunit\\bin\\Debug\\net8.0\\fine-code-coverage\\build-output\\TaskBuddy.dll"]},"RunSettings":"<RunSettings>\r\n  <RunConfiguration>\r\n    <ResultsDirectory>E:\\Facultate\\An1\\Sem1\\MOPS\\TaskBuddy_xunit\\bin\\Debug\\net8.0\\fine-code-coverage\\coverage-tool-output</ResultsDirectory>\r\n    <TargetFrameworkVersion>.NETCoreApp,Version=v8.0</TargetFrameworkVersion>\r\n    <DesignMode>False</DesignMode>\r\n    <CollectSourceInformation>False</CollectSourceInformation>\r\n  </RunConfiguration>\r\n  <LoggerRunSettings>\r\n    <Loggers>\r\n      <Logger friendlyName=\"blame\" enabled=\"True\" />\r\n      <Logger friendlyName=\"Console\" uri=\"logger://microsoft/TestPlatform/ConsoleLogger/v1\" assemblyQualifiedName=\"Microsoft.VisualStudio.TestPlatform.CommandLine.Internal.ConsoleLogger, vstest.console, Version=15.0.0.0, Culture=neutral, PublicKeyToken=b03f5f7f11d50a3a\" codeBase=\"C:\\Program Files\\dotnet\\sdk\\8.0.100\\vstest.console.dll\" enabled=\"True\" />\r\n    </Loggers>\r\n  </LoggerRunSettings>\r\n  <DataCollectionRunSettings>\r\n    <DataCollectors>\r\n      <DataCollector friendlyName=\"blame\" enabled=\"True\">\r\n        <Configuration>\r\n          <ResultsDirectory>E:\\Facultate\\An1\\Sem1\\MOPS\\TaskBuddy_xunit\\bin\\Debug\\net8.0\\fine-code-coverage\\coverage-tool-output</ResultsDirectory>\r\n        </Configuration>\r\n      </DataCollector>\r\n    </DataCollectors>\r\n  </DataCollectionRunSettings>\r\n</RunSettings>","TestExecutionContext":{"FrequencyOfRunStatsChangeEvent":10,"RunStatsChangeEventTimeout":"00:00:01.5000000","InIsolation":false,"KeepAlive":false,"AreTestCaseLevelEventsRequired":false,"IsDebug":false,"TestCaseFilter":null,"FilterOptions":null},"Package":null}}
TpTrace Information: 0 : 24800, 4, 2023/12/16, 17:44:26.535, 2654917070635, testhost.dll, TestRequestHandler.OnMessageReceived: Running job 'TestExecution.Initialize'.
TpTrace Verbose: 0 : 24800, 4, 2023/12/16, 17:44:26.536, 2654917082877, testhost.dll, TestExecutorService: Loading the extensions
TpTrace Verbose: 0 : 24800, 4, 2023/12/16, 17:44:26.537, 2654917091425, testhost.dll, TestPluginCache.DiscoverTestExtensions: finding test extensions in assemblies ends with: TestAdapter.dll TPluginInfo: Microsoft.VisualStudio.TestPlatform.Common.ExtensionFramework.Utilities.TestExecutorPluginInformation TExtension: Microsoft.VisualStudio.TestPlatform.ObjectModel.Adapter.ITestExecutor
TpTrace Verbose: 0 : 24800, 4, 2023/12/16, 17:44:26.537, 2654917098330, testhost.dll, TestPluginCache.GetExtensionPaths: Filtered extension paths: 
TpTrace Verbose: 0 : 24800, 4, 2023/12/16, 17:44:26.538, 2654917100247, testhost.dll, TestPluginCache.GetExtensionPaths: Added default extension paths: E:\Facultate\An1\Sem1\MOPS\TaskBuddy_xunit\bin\Debug\net8.0\fine-code-coverage\build-output\xunit.runner.visualstudio.dotnetcore.testadapter.dll
TpTrace Verbose: 0 : 24800, 4, 2023/12/16, 17:44:26.538, 2654917100518, testhost.dll, TestPluginCache.GetExtensionPaths: Added unfilterableExtensionPaths: 
TpTrace Information: 0 : 24800, 4, 2023/12/16, 17:44:26.539, 2654917109945, testhost.dll, AssemblyResolver.ctor: Creating AssemblyResolver with searchDirectories E:\Facultate\An1\Sem1\MOPS\TaskBuddy_xunit\bin\Debug\net8.0\fine-code-coverage\build-output
TpTrace Verbose: 0 : 24800, 4, 2023/12/16, 17:44:26.539, 2654917116081, testhost.dll, TestPluginCache.DiscoverTestExtensions: Discovering the extensions using extension path.
TpTrace Verbose: 0 : 24800, 4, 2023/12/16, 17:44:26.539, 2654917116870, testhost.dll, TestPluginCache.GetExtensionPaths: Filtered extension paths: 
TpTrace Verbose: 0 : 24800, 4, 2023/12/16, 17:44:26.539, 2654917117108, testhost.dll, TestPluginCache.GetExtensionPaths: Added default extension paths: E:\Facultate\An1\Sem1\MOPS\TaskBuddy_xunit\bin\Debug\net8.0\fine-code-coverage\build-output\xunit.runner.visualstudio.dotnetcore.testadapter.dll
TpTrace Verbose: 0 : 24800, 4, 2023/12/16, 17:44:26.539, 2654917117266, testhost.dll, TestPluginCache.GetExtensionPaths: Added unfilterableExtensionPaths: 
TpTrace Verbose: 0 : 24800, 4, 2023/12/16, 17:44:26.539, 2654917117603, testhost.dll, TestPluginCache.DiscoverTestExtensions: Discovering the extensions using allExtensionPaths: E:\Facultate\An1\Sem1\MOPS\TaskBuddy_xunit\bin\Debug\net8.0\fine-code-coverage\build-output\xunit.runner.visualstudio.dotnetcore.testadapter.dll
TpTrace Information: 0 : 24800, 4, 2023/12/16, 17:44:26.540, 2654917121148, testhost.dll, AssemblyResolver.AddSearchDirectories: Adding more searchDirectories E:\Facultate\An1\Sem1\MOPS\TaskBuddy_xunit\bin\Debug\net8.0\fine-code-coverage\build-output
TpTrace Information: 0 : 24800, 4, 2023/12/16, 17:44:26.541, 2654917134597, testhost.dll, AssemblyResolver.OnResolve: xunit.runner.visualstudio.dotnetcore.testadapter: Resolving assembly.
TpTrace Information: 0 : 24800, 4, 2023/12/16, 17:44:26.541, 2654917135027, testhost.dll, AssemblyResolver.OnResolve: xunit.runner.visualstudio.dotnetcore.testadapter: Searching in: 'E:\Facultate\An1\Sem1\MOPS\TaskBuddy_xunit\bin\Debug\net8.0\fine-code-coverage\build-output'.
TpTrace Information: 0 : 24800, 4, 2023/12/16, 17:44:26.545, 2654917173159, testhost.dll, AssemblyResolver.OnResolve: xunit.runner.visualstudio.dotnetcore.testadapter: Loading assembly 'E:\Facultate\An1\Sem1\MOPS\TaskBuddy_xunit\bin\Debug\net8.0\fine-code-coverage\build-output\xunit.runner.visualstudio.dotnetcore.testadapter.dll'.
TpTrace Information: 0 : 24800, 4, 2023/12/16, 17:44:26.545, 2654917176630, testhost.dll, AssemblyResolver.OnResolve: Resolved assembly: xunit.runner.visualstudio.dotnetcore.testadapter, from path: E:\Facultate\An1\Sem1\MOPS\TaskBuddy_xunit\bin\Debug\net8.0\fine-code-coverage\build-output\xunit.runner.visualstudio.dotnetcore.testadapter.dll
TpTrace Verbose: 0 : 24800, 7, 2023/12/16, 17:44:26.547, 2654917192512, testhost.dll, MulticastDelegateUtilities.SafeInvoke: LengthPrefixCommunicationChannel: MessageReceived: Invoking callback 1/1 for Microsoft.VisualStudio.TestPlatform.CommunicationUtilities.TestRequestHandler., took 12 ms.
TpTrace Verbose: 0 : 24800, 7, 2023/12/16, 17:44:26.547, 2654917192948, testhost.dll, TcpClientExtensions.MessageLoopAsync: Polling on remoteEndPoint: [::ffff:127.0.0.1]:50423 localEndPoint: [::ffff:127.0.0.1]:50424
TpTrace Verbose: 0 : 24800, 4, 2023/12/16, 17:44:26.555, 2654917275956, testhost.dll, MetadataReaderExtensionsHelper: Discovering extensions inside assembly 'xunit.runner.visualstudio.dotnetcore.testadapter, Version=2.5.5.0, Culture=neutral, PublicKeyToken=null' file path 'E:\Facultate\An1\Sem1\MOPS\TaskBuddy_xunit\bin\Debug\net8.0\fine-code-coverage\build-output\xunit.runner.visualstudio.dotnetcore.testadapter.dll'
TpTrace Information: 0 : 24800, 4, 2023/12/16, 17:44:26.557, 2654917290780, testhost.dll, AssemblyResolver.OnResolve: xunit.runner.utility.netcoreapp10: Resolving assembly.
TpTrace Information: 0 : 24800, 4, 2023/12/16, 17:44:26.557, 2654917291181, testhost.dll, AssemblyResolver.OnResolve: xunit.runner.utility.netcoreapp10: Searching in: 'E:\Facultate\An1\Sem1\MOPS\TaskBuddy_xunit\bin\Debug\net8.0\fine-code-coverage\build-output'.
TpTrace Information: 0 : 24800, 4, 2023/12/16, 17:44:26.557, 2654917292795, testhost.dll, AssemblyResolver.OnResolve: xunit.runner.utility.netcoreapp10: Loading assembly 'E:\Facultate\An1\Sem1\MOPS\TaskBuddy_xunit\bin\Debug\net8.0\fine-code-coverage\build-output\xunit.runner.utility.netcoreapp10.dll'.
TpTrace Information: 0 : 24800, 4, 2023/12/16, 17:44:26.557, 2654917295106, testhost.dll, AssemblyResolver.OnResolve: Resolved assembly: xunit.runner.utility.netcoreapp10, from path: E:\Facultate\An1\Sem1\MOPS\TaskBuddy_xunit\bin\Debug\net8.0\fine-code-coverage\build-output\xunit.runner.utility.netcoreapp10.dll
TpTrace Information: 0 : 24800, 4, 2023/12/16, 17:44:26.559, 2654917310982, testhost.dll, GetTestExtensionFromType: Register extension with identifier data 'executor://xunit/VsTestRunner2/netcoreapp' and type 'Xunit.Runner.VisualStudio.VsTestRunner, xunit.runner.visualstudio.dotnetcore.testadapter, Version=2.5.5.0, Culture=neutral, PublicKeyToken=null' inside file 'E:\Facultate\An1\Sem1\MOPS\TaskBuddy_xunit\bin\Debug\net8.0\fine-code-coverage\build-output\xunit.runner.visualstudio.dotnetcore.testadapter.dll'
TpTrace Verbose: 0 : 24800, 4, 2023/12/16, 17:44:26.560, 2654917320648, testhost.dll, TestPluginCache: Discovered the extensions using extension path ''.
TpTrace Verbose: 0 : 24800, 4, 2023/12/16, 17:44:26.560, 2654917323332, testhost.dll, TestPluginCache: Discoverers are ''.
TpTrace Verbose: 0 : 24800, 4, 2023/12/16, 17:44:26.560, 2654917323717, testhost.dll, TestPluginCache: Executors are 'executor://xunit/VsTestRunner2/netcoreapp'.
TpTrace Verbose: 0 : 24800, 4, 2023/12/16, 17:44:26.560, 2654917324043, testhost.dll, TestPluginCache: Executors2 are ''.
TpTrace Verbose: 0 : 24800, 4, 2023/12/16, 17:44:26.560, 2654917324346, testhost.dll, TestPluginCache: Setting providers are ''.
TpTrace Verbose: 0 : 24800, 4, 2023/12/16, 17:44:26.560, 2654917324619, testhost.dll, TestPluginCache: Loggers are ''.
TpTrace Verbose: 0 : 24800, 4, 2023/12/16, 17:44:26.560, 2654917324882, testhost.dll, TestPluginCache: TestHosts are ''.
TpTrace Verbose: 0 : 24800, 4, 2023/12/16, 17:44:26.560, 2654917325164, testhost.dll, TestPluginCache: DataCollectors are ''.
TpTrace Verbose: 0 : 24800, 4, 2023/12/16, 17:44:26.561, 2654917336590, testhost.dll, TestPluginCache.DiscoverTestExtensions: finding test extensions in assemblies ends with: TestAdapter.dll TPluginInfo: Microsoft.VisualStudio.TestPlatform.Common.ExtensionFramework.Utilities.TestExecutorPluginInformation2 TExtension: Microsoft.VisualStudio.TestPlatform.ObjectModel.Adapter.ITestExecutor2
TpTrace Verbose: 0 : 24800, 4, 2023/12/16, 17:44:26.561, 2654917338191, testhost.dll, TestPluginCache.GetExtensionPaths: Filtered extension paths: 
TpTrace Verbose: 0 : 24800, 4, 2023/12/16, 17:44:26.561, 2654917338471, testhost.dll, TestPluginCache.GetExtensionPaths: Added default extension paths: E:\Facultate\An1\Sem1\MOPS\TaskBuddy_xunit\bin\Debug\net8.0\fine-code-coverage\build-output\xunit.runner.visualstudio.dotnetcore.testadapter.dll
TpTrace Verbose: 0 : 24800, 4, 2023/12/16, 17:44:26.561, 2654917338671, testhost.dll, TestPluginCache.GetExtensionPaths: Added unfilterableExtensionPaths: 
TpTrace Information: 0 : 24800, 4, 2023/12/16, 17:44:26.562, 2654917339463, testhost.dll, AssemblyResolver.AddSearchDirectories: Adding more searchDirectories E:\Facultate\An1\Sem1\MOPS\TaskBuddy_xunit\bin\Debug\net8.0\fine-code-coverage\build-output
TpTrace Verbose: 0 : 24800, 4, 2023/12/16, 17:44:26.562, 2654917339713, testhost.dll, TestPluginCache.DiscoverTestExtensions: Discovering the extensions using extension path.
TpTrace Verbose: 0 : 24800, 4, 2023/12/16, 17:44:26.562, 2654917339856, testhost.dll, TestPluginCache.GetExtensionPaths: Filtered extension paths: 
TpTrace Verbose: 0 : 24800, 4, 2023/12/16, 17:44:26.562, 2654917340012, testhost.dll, TestPluginCache.GetExtensionPaths: Added default extension paths: E:\Facultate\An1\Sem1\MOPS\TaskBuddy_xunit\bin\Debug\net8.0\fine-code-coverage\build-output\xunit.runner.visualstudio.dotnetcore.testadapter.dll
TpTrace Verbose: 0 : 24800, 4, 2023/12/16, 17:44:26.562, 2654917340136, testhost.dll, TestPluginCache.GetExtensionPaths: Added unfilterableExtensionPaths: 
TpTrace Verbose: 0 : 24800, 4, 2023/12/16, 17:44:26.562, 2654917340268, testhost.dll, TestPluginCache.DiscoverTestExtensions: Discovering the extensions using allExtensionPaths: E:\Facultate\An1\Sem1\MOPS\TaskBuddy_xunit\bin\Debug\net8.0\fine-code-coverage\build-output\xunit.runner.visualstudio.dotnetcore.testadapter.dll
TpTrace Information: 0 : 24800, 4, 2023/12/16, 17:44:26.562, 2654917340463, testhost.dll, AssemblyResolver.AddSearchDirectories: Adding more searchDirectories E:\Facultate\An1\Sem1\MOPS\TaskBuddy_xunit\bin\Debug\net8.0\fine-code-coverage\build-output
TpTrace Verbose: 0 : 24800, 4, 2023/12/16, 17:44:26.562, 2654917340865, testhost.dll, MetadataReaderExtensionsHelper: Discovering extensions inside assembly 'xunit.runner.visualstudio.dotnetcore.testadapter, Version=2.5.5.0, Culture=neutral, PublicKeyToken=null' file path 'E:\Facultate\An1\Sem1\MOPS\TaskBuddy_xunit\bin\Debug\net8.0\fine-code-coverage\build-output\xunit.runner.visualstudio.dotnetcore.testadapter.dll'
TpTrace Verbose: 0 : 24800, 4, 2023/12/16, 17:44:26.562, 2654917345303, testhost.dll, TestPluginCache: Discovered the extensions using extension path ''.
TpTrace Verbose: 0 : 24800, 4, 2023/12/16, 17:44:26.562, 2654917345567, testhost.dll, TestPluginCache: Discoverers are ''.
TpTrace Verbose: 0 : 24800, 4, 2023/12/16, 17:44:26.562, 2654917345760, testhost.dll, TestPluginCache: Executors are 'executor://xunit/VsTestRunner2/netcoreapp'.
TpTrace Verbose: 0 : 24800, 4, 2023/12/16, 17:44:26.562, 2654917346052, testhost.dll, TestPluginCache: Executors2 are ''.
TpTrace Verbose: 0 : 24800, 4, 2023/12/16, 17:44:26.562, 2654917346193, testhost.dll, TestPluginCache: Setting providers are ''.
TpTrace Verbose: 0 : 24800, 4, 2023/12/16, 17:44:26.562, 2654917346332, testhost.dll, TestPluginCache: Loggers are ''.
TpTrace Verbose: 0 : 24800, 4, 2023/12/16, 17:44:26.562, 2654917346442, testhost.dll, TestPluginCache: TestHosts are ''.
TpTrace Verbose: 0 : 24800, 4, 2023/12/16, 17:44:26.562, 2654917346550, testhost.dll, TestPluginCache: DataCollectors are ''.
TpTrace Information: 0 : 24800, 4, 2023/12/16, 17:44:26.566, 2654917382544, testhost.dll, TestPluginManager.CreateTestExtension: Attempting to load test extension: Xunit.Runner.VisualStudio.VsTestRunner
TpTrace Verbose: 0 : 24800, 4, 2023/12/16, 17:44:26.566, 2654917385513, testhost.dll, TestExecutorExtensionManager: Loading executor Microsoft.VisualStudio.TestPlatform.Common.ExtensionDecorators.SerialTestRunDecorator
TpTrace Verbose: 0 : 24800, 4, 2023/12/16, 17:44:26.566, 2654917385838, testhost.dll, TestExecutorService: Loaded the executors
TpTrace Verbose: 0 : 24800, 4, 2023/12/16, 17:44:26.567, 2654917388870, testhost.dll, TestPluginCache.DiscoverTestExtensions: finding test extensions in assemblies ends with: TestAdapter.dll TPluginInfo: Microsoft.VisualStudio.TestPlatform.Common.ExtensionFramework.Utilities.TestSettingsProviderPluginInformation TExtension: Microsoft.VisualStudio.TestPlatform.ObjectModel.Adapter.ISettingsProvider
TpTrace Verbose: 0 : 24800, 4, 2023/12/16, 17:44:26.567, 2654917389420, testhost.dll, TestPluginCache.GetExtensionPaths: Filtered extension paths: 
TpTrace Verbose: 0 : 24800, 4, 2023/12/16, 17:44:26.567, 2654917389623, testhost.dll, TestPluginCache.GetExtensionPaths: Added default extension paths: E:\Facultate\An1\Sem1\MOPS\TaskBuddy_xunit\bin\Debug\net8.0\fine-code-coverage\build-output\xunit.runner.visualstudio.dotnetcore.testadapter.dll
TpTrace Verbose: 0 : 24800, 4, 2023/12/16, 17:44:26.567, 2654917389784, testhost.dll, TestPluginCache.GetExtensionPaths: Added unfilterableExtensionPaths: 
TpTrace Information: 0 : 24800, 4, 2023/12/16, 17:44:26.567, 2654917390394, testhost.dll, AssemblyResolver.AddSearchDirectories: Adding more searchDirectories E:\Facultate\An1\Sem1\MOPS\TaskBuddy_xunit\bin\Debug\net8.0\fine-code-coverage\build-output
TpTrace Verbose: 0 : 24800, 4, 2023/12/16, 17:44:26.567, 2654917390622, testhost.dll, TestPluginCache.DiscoverTestExtensions: Discovering the extensions using extension path.
TpTrace Verbose: 0 : 24800, 4, 2023/12/16, 17:44:26.567, 2654917390782, testhost.dll, TestPluginCache.GetExtensionPaths: Filtered extension paths: 
TpTrace Verbose: 0 : 24800, 4, 2023/12/16, 17:44:26.567, 2654917390901, testhost.dll, TestPluginCache.GetExtensionPaths: Added default extension paths: E:\Facultate\An1\Sem1\MOPS\TaskBuddy_xunit\bin\Debug\net8.0\fine-code-coverage\build-output\xunit.runner.visualstudio.dotnetcore.testadapter.dll
TpTrace Verbose: 0 : 24800, 4, 2023/12/16, 17:44:26.567, 2654917391022, testhost.dll, TestPluginCache.GetExtensionPaths: Added unfilterableExtensionPaths: 
TpTrace Verbose: 0 : 24800, 4, 2023/12/16, 17:44:26.567, 2654917391152, testhost.dll, TestPluginCache.DiscoverTestExtensions: Discovering the extensions using allExtensionPaths: E:\Facultate\An1\Sem1\MOPS\TaskBuddy_xunit\bin\Debug\net8.0\fine-code-coverage\build-output\xunit.runner.visualstudio.dotnetcore.testadapter.dll
TpTrace Information: 0 : 24800, 4, 2023/12/16, 17:44:26.567, 2654917391388, testhost.dll, AssemblyResolver.AddSearchDirectories: Adding more searchDirectories E:\Facultate\An1\Sem1\MOPS\TaskBuddy_xunit\bin\Debug\net8.0\fine-code-coverage\build-output
TpTrace Verbose: 0 : 24800, 4, 2023/12/16, 17:44:26.567, 2654917391728, testhost.dll, MetadataReaderExtensionsHelper: Discovering extensions inside assembly 'xunit.runner.visualstudio.dotnetcore.testadapter, Version=2.5.5.0, Culture=neutral, PublicKeyToken=null' file path 'E:\Facultate\An1\Sem1\MOPS\TaskBuddy_xunit\bin\Debug\net8.0\fine-code-coverage\build-output\xunit.runner.visualstudio.dotnetcore.testadapter.dll'
TpTrace Verbose: 0 : 24800, 4, 2023/12/16, 17:44:26.567, 2654917395951, testhost.dll, TestPluginCache: Discovered the extensions using extension path ''.
TpTrace Verbose: 0 : 24800, 4, 2023/12/16, 17:44:26.567, 2654917396239, testhost.dll, TestPluginCache: Discoverers are ''.
TpTrace Verbose: 0 : 24800, 4, 2023/12/16, 17:44:26.567, 2654917396378, testhost.dll, TestPluginCache: Executors are 'executor://xunit/VsTestRunner2/netcoreapp'.
TpTrace Verbose: 0 : 24800, 4, 2023/12/16, 17:44:26.567, 2654917396503, testhost.dll, TestPluginCache: Executors2 are ''.
TpTrace Verbose: 0 : 24800, 4, 2023/12/16, 17:44:26.567, 2654917396670, testhost.dll, TestPluginCache: Setting providers are ''.
TpTrace Verbose: 0 : 24800, 4, 2023/12/16, 17:44:26.567, 2654917397086, testhost.dll, TestPluginCache: Loggers are ''.
TpTrace Verbose: 0 : 24800, 4, 2023/12/16, 17:44:26.567, 2654917397252, testhost.dll, TestPluginCache: TestHosts are ''.
TpTrace Verbose: 0 : 24800, 4, 2023/12/16, 17:44:26.567, 2654917397367, testhost.dll, TestPluginCache: DataCollectors are ''.
TpTrace Verbose: 0 : 24800, 4, 2023/12/16, 17:44:26.568, 2654917400675, testhost.dll, TestExecutorService: Loaded the settings providers
TpTrace Information: 0 : 24800, 4, 2023/12/16, 17:44:26.568, 2654917400935, testhost.dll, TestExecutorService: Loaded the extensions
TpTrace Information: 0 : 24800, 4, 2023/12/16, 17:44:26.568, 2654917403804, testhost.dll, TestRequestHandler.OnMessageReceived: Running job 'TestExecution.StartWithSources'.
TpTrace Verbose: 0 : 24800, 4, 2023/12/16, 17:44:26.595, 2654917672681, testhost.dll, MulticastDelegateUtilities.SafeInvoke: TestCaseEventsHandler.RaiseSessionStart: Invoking callbacks was skipped because there are no subscribers.
TpTrace Information: 0 : 24800, 4, 2023/12/16, 17:44:26.596, 2654917683132, testhost.dll, TestDiscoveryManager: Discovering tests from sources E:\Facultate\An1\Sem1\MOPS\TaskBuddy_xunit\bin\Debug\net8.0\fine-code-coverage\build-output\TaskBuddy.dll
TpTrace Verbose: 0 : 24800, 4, 2023/12/16, 17:44:26.597, 2654917692369, testhost.dll, TestPluginCache.DiscoverTestExtensions: finding test extensions in assemblies ends with: TestAdapter.dll TPluginInfo: Microsoft.VisualStudio.TestPlatform.Common.ExtensionFramework.Utilities.TestDiscovererPluginInformation TExtension: Microsoft.VisualStudio.TestPlatform.ObjectModel.Adapter.ITestDiscoverer
TpTrace Verbose: 0 : 24800, 4, 2023/12/16, 17:44:26.597, 2654917692967, testhost.dll, TestPluginCache.GetExtensionPaths: Filtered extension paths: 
TpTrace Verbose: 0 : 24800, 4, 2023/12/16, 17:44:26.597, 2654917693213, testhost.dll, TestPluginCache.GetExtensionPaths: Added default extension paths: E:\Facultate\An1\Sem1\MOPS\TaskBuddy_xunit\bin\Debug\net8.0\fine-code-coverage\build-output\xunit.runner.visualstudio.dotnetcore.testadapter.dll
TpTrace Verbose: 0 : 24800, 4, 2023/12/16, 17:44:26.597, 2654917693342, testhost.dll, TestPluginCache.GetExtensionPaths: Added unfilterableExtensionPaths: 
TpTrace Information: 0 : 24800, 4, 2023/12/16, 17:44:26.597, 2654917693893, testhost.dll, AssemblyResolver.AddSearchDirectories: Adding more searchDirectories E:\Facultate\An1\Sem1\MOPS\TaskBuddy_xunit\bin\Debug\net8.0\fine-code-coverage\build-output
TpTrace Verbose: 0 : 24800, 4, 2023/12/16, 17:44:26.597, 2654917694131, testhost.dll, TestPluginCache.DiscoverTestExtensions: Discovering the extensions using extension path.
TpTrace Verbose: 0 : 24800, 4, 2023/12/16, 17:44:26.597, 2654917694269, testhost.dll, TestPluginCache.GetExtensionPaths: Filtered extension paths: 
TpTrace Verbose: 0 : 24800, 4, 2023/12/16, 17:44:26.597, 2654917694386, testhost.dll, TestPluginCache.GetExtensionPaths: Added default extension paths: E:\Facultate\An1\Sem1\MOPS\TaskBuddy_xunit\bin\Debug\net8.0\fine-code-coverage\build-output\xunit.runner.visualstudio.dotnetcore.testadapter.dll
TpTrace Verbose: 0 : 24800, 4, 2023/12/16, 17:44:26.597, 2654917694507, testhost.dll, TestPluginCache.GetExtensionPaths: Added unfilterableExtensionPaths: 
TpTrace Verbose: 0 : 24800, 4, 2023/12/16, 17:44:26.597, 2654917694637, testhost.dll, TestPluginCache.DiscoverTestExtensions: Discovering the extensions using allExtensionPaths: E:\Facultate\An1\Sem1\MOPS\TaskBuddy_xunit\bin\Debug\net8.0\fine-code-coverage\build-output\xunit.runner.visualstudio.dotnetcore.testadapter.dll
TpTrace Information: 0 : 24800, 4, 2023/12/16, 17:44:26.597, 2654917694850, testhost.dll, AssemblyResolver.AddSearchDirectories: Adding more searchDirectories E:\Facultate\An1\Sem1\MOPS\TaskBuddy_xunit\bin\Debug\net8.0\fine-code-coverage\build-output
TpTrace Verbose: 0 : 24800, 4, 2023/12/16, 17:44:26.597, 2654917695210, testhost.dll, MetadataReaderExtensionsHelper: Discovering extensions inside assembly 'xunit.runner.visualstudio.dotnetcore.testadapter, Version=2.5.5.0, Culture=neutral, PublicKeyToken=null' file path 'E:\Facultate\An1\Sem1\MOPS\TaskBuddy_xunit\bin\Debug\net8.0\fine-code-coverage\build-output\xunit.runner.visualstudio.dotnetcore.testadapter.dll'
TpTrace Information: 0 : 24800, 4, 2023/12/16, 17:44:26.600, 2654917723267, testhost.dll, GetTestExtensionFromType: Register extension with identifier data 'Xunit.Runner.VisualStudio.VsTestRunner, xunit.runner.visualstudio.dotnetcore.testadapter, Version=2.5.5.0, Culture=neutral, PublicKeyToken=null' and type 'Xunit.Runner.VisualStudio.VsTestRunner, xunit.runner.visualstudio.dotnetcore.testadapter, Version=2.5.5.0, Culture=neutral, PublicKeyToken=null' inside file 'E:\Facultate\An1\Sem1\MOPS\TaskBuddy_xunit\bin\Debug\net8.0\fine-code-coverage\build-output\xunit.runner.visualstudio.dotnetcore.testadapter.dll'
TpTrace Verbose: 0 : 24800, 4, 2023/12/16, 17:44:26.600, 2654917724479, testhost.dll, TestPluginCache: Discovered the extensions using extension path ''.
TpTrace Verbose: 0 : 24800, 4, 2023/12/16, 17:44:26.600, 2654917724941, testhost.dll, TestPluginCache: Discoverers are 'Xunit.Runner.VisualStudio.VsTestRunner, xunit.runner.visualstudio.dotnetcore.testadapter, Version=2.5.5.0, Culture=neutral, PublicKeyToken=null'.
TpTrace Verbose: 0 : 24800, 4, 2023/12/16, 17:44:26.600, 2654917725191, testhost.dll, TestPluginCache: Executors are 'executor://xunit/VsTestRunner2/netcoreapp'.
TpTrace Verbose: 0 : 24800, 4, 2023/12/16, 17:44:26.600, 2654917725373, testhost.dll, TestPluginCache: Executors2 are ''.
TpTrace Verbose: 0 : 24800, 4, 2023/12/16, 17:44:26.600, 2654917725541, testhost.dll, TestPluginCache: Setting providers are ''.
TpTrace Verbose: 0 : 24800, 4, 2023/12/16, 17:44:26.600, 2654917725704, testhost.dll, TestPluginCache: Loggers are ''.
TpTrace Verbose: 0 : 24800, 4, 2023/12/16, 17:44:26.600, 2654917725871, testhost.dll, TestPluginCache: TestHosts are ''.
TpTrace Verbose: 0 : 24800, 4, 2023/12/16, 17:44:26.600, 2654917726063, testhost.dll, TestPluginCache: DataCollectors are ''.
TpTrace Information: 0 : 24800, 4, 2023/12/16, 17:44:26.602, 2654917747903, testhost.dll, PEReaderHelper.GetAssemblyType: Determined assemblyType:'Managed' for source: 'E:\Facultate\An1\Sem1\MOPS\TaskBuddy_xunit\bin\Debug\net8.0\fine-code-coverage\build-output\TaskBuddy.dll'
TpTrace Verbose: 0 : 24800, 4, 2023/12/16, 17:44:26.605, 2654917771036, testhost.dll, BaseRunTests.RunTestInternalWithExecutors: Running tests for executor://xunit/VsTestRunner2/netcoreapp
TpTrace Information: 0 : 24800, 4, 2023/12/16, 17:44:26.609, 2654917816358, testhost.dll, [xUnit.net 00:00:00.00] xUnit.net VSTest Adapter v2.5.5+28b46ff510 (64-bit .NET 8.0.0)
TpTrace Verbose: 0 : 24800, 4, 2023/12/16, 17:44:26.609, 2654917817104, testhost.dll, TestRequestHandler.SendData: sending data from testhost: {"Version":7,"MessageType":"TestSession.Message","Payload":{"MessageLevel":0,"Message":"[xUnit.net 00:00:00.00] xUnit.net VSTest Adapter v2.5.5+28b46ff510 (64-bit .NET 8.0.0)"}}
TpTrace Verbose: 0 : 24800, 4, 2023/12/16, 17:44:26.609, 2654917817924, testhost.dll, MulticastDelegateUtilities.SafeInvoke: TestRunMessageLoggerProxy.SendMessage: Invoking callback 1/1 for Microsoft.VisualStudio.TestPlatform.CrossPlatEngine.Execution.RunTestsWithSources., took 0 ms.
TpTrace Information: 0 : 24800, 4, 2023/12/16, 17:44:26.615, 2654917873422, testhost.dll, AssemblyResolver.OnResolve: xunit.runner.reporters.netcoreapp10: Resolving assembly.
TpTrace Information: 0 : 24800, 4, 2023/12/16, 17:44:26.615, 2654917874042, testhost.dll, AssemblyResolver.OnResolve: xunit.runner.reporters.netcoreapp10: Searching in: 'E:\Facultate\An1\Sem1\MOPS\TaskBuddy_xunit\bin\Debug\net8.0\fine-code-coverage\build-output'.
TpTrace Information: 0 : 24800, 4, 2023/12/16, 17:44:26.615, 2654917875507, testhost.dll, AssemblyResolver.OnResolve: xunit.runner.reporters.netcoreapp10: Loading assembly 'E:\Facultate\An1\Sem1\MOPS\TaskBuddy_xunit\bin\Debug\net8.0\fine-code-coverage\build-output\xunit.runner.reporters.netcoreapp10.dll'.
TpTrace Information: 0 : 24800, 4, 2023/12/16, 17:44:26.615, 2654917877072, testhost.dll, AssemblyResolver.OnResolve: Resolved assembly: xunit.runner.reporters.netcoreapp10, from path: E:\Facultate\An1\Sem1\MOPS\TaskBuddy_xunit\bin\Debug\net8.0\fine-code-coverage\build-output\xunit.runner.reporters.netcoreapp10.dll
TpTrace Information: 0 : 24800, 4, 2023/12/16, 17:44:26.668, 2654918402270, testhost.dll, [xUnit.net 00:00:00.06]   Discovering: TaskBuddy
TpTrace Verbose: 0 : 24800, 4, 2023/12/16, 17:44:26.668, 2654918403144, testhost.dll, TestRequestHandler.SendData: sending data from testhost: {"Version":7,"MessageType":"TestSession.Message","Payload":{"MessageLevel":0,"Message":"[xUnit.net 00:00:00.06]   Discovering: TaskBuddy"}}
TpTrace Verbose: 0 : 24800, 4, 2023/12/16, 17:44:26.668, 2654918403769, testhost.dll, MulticastDelegateUtilities.SafeInvoke: TestRunMessageLoggerProxy.SendMessage: Invoking callback 1/1 for Microsoft.VisualStudio.TestPlatform.CrossPlatEngine.Execution.RunTestsWithSources., took 0 ms.
TpTrace Information: 0 : 24800, 4, 2023/12/16, 17:44:26.699, 2654918709195, testhost.dll, [xUnit.net 00:00:00.09]   Discovered:  TaskBuddy
TpTrace Verbose: 0 : 24800, 4, 2023/12/16, 17:44:26.699, 2654918710321, testhost.dll, TestRequestHandler.SendData: sending data from testhost: {"Version":7,"MessageType":"TestSession.Message","Payload":{"MessageLevel":0,"Message":"[xUnit.net 00:00:00.09]   Discovered:  TaskBuddy"}}
TpTrace Verbose: 0 : 24800, 4, 2023/12/16, 17:44:26.699, 2654918711064, testhost.dll, MulticastDelegateUtilities.SafeInvoke: TestRunMessageLoggerProxy.SendMessage: Invoking callback 1/1 for Microsoft.VisualStudio.TestPlatform.CrossPlatEngine.Execution.RunTestsWithSources., took 0 ms.
TpTrace Information: 0 : 24800, 4, 2023/12/16, 17:44:26.700, 2654918728453, testhost.dll, [xUnit.net 00:00:00.09]   Starting:    TaskBuddy
TpTrace Verbose: 0 : 24800, 4, 2023/12/16, 17:44:26.701, 2654918729062, testhost.dll, TestRequestHandler.SendData: sending data from testhost: {"Version":7,"MessageType":"TestSession.Message","Payload":{"MessageLevel":0,"Message":"[xUnit.net 00:00:00.09]   Starting:    TaskBuddy"}}
TpTrace Verbose: 0 : 24800, 4, 2023/12/16, 17:44:26.701, 2654918729556, testhost.dll, MulticastDelegateUtilities.SafeInvoke: TestRunMessageLoggerProxy.SendMessage: Invoking callback 1/1 for Microsoft.VisualStudio.TestPlatform.CrossPlatEngine.Execution.RunTestsWithSources., took 0 ms.
TpTrace Verbose: 0 : 24800, 16, 2023/12/16, 17:44:26.723, 2654918951664, testhost.dll, TestExecutionRecorder.RecordStart: Starting test: TaskBuddy.Tests.TestTaskuri.CanUpdateTaskuri.
TpTrace Verbose: 0 : 24800, 16, 2023/12/16, 17:44:26.740, 2654919125137, testhost.dll, MulticastDelegateUtilities.SafeInvoke: TestCaseEventsHandler.RaiseTestCaseStart: Invoking callback 1/1 for Microsoft.VisualStudio.TestPlatform.CrossPlatEngine.DataCollection.ProxyOutOfProcDataCollectionManager., took 16 ms.
TpTrace Verbose: 0 : 24800, 16, 2023/12/16, 17:44:26.740, 2654919126874, testhost.dll, TestExecutionRecorder.RecordStart: Starting test: TaskBuddy.Tests.Notificari.VerifyDeadLine.
TpTrace Verbose: 0 : 24800, 16, 2023/12/16, 17:44:26.741, 2654919136464, testhost.dll, MulticastDelegateUtilities.SafeInvoke: TestCaseEventsHandler.RaiseTestCaseStart: Invoking callback 1/1 for Microsoft.VisualStudio.TestPlatform.CrossPlatEngine.DataCollection.ProxyOutOfProcDataCollectionManager., took 0 ms.
TpTrace Verbose: 0 : 24800, 16, 2023/12/16, 17:44:26.742, 2654919146663, testhost.dll, TestExecutionRecorder.RecordResult: Received result for test: TaskBuddy.Tests.Notificari.VerifyDeadLine.
TpTrace Verbose: 0 : 24800, 16, 2023/12/16, 17:44:26.749, 2654919209671, testhost.dll, MulticastDelegateUtilities.SafeInvoke: TestCaseEventsHandler.RaiseTestCaseEnd: Invoking callback 1/1 for Microsoft.VisualStudio.TestPlatform.CrossPlatEngine.DataCollection.ProxyOutOfProcDataCollectionManager., took 6 ms.
TpTrace Verbose: 0 : 24800, 16, 2023/12/16, 17:44:26.749, 2654919218014, testhost.dll, MulticastDelegateUtilities.SafeInvoke: TestCaseEventsHandler.RaiseTestCaseEnd: Invoking callback 1/1 for Microsoft.VisualStudio.TestPlatform.CrossPlatEngine.DataCollection.ProxyOutOfProcDataCollectionManager., took 0 ms.
TpTrace Verbose: 0 : 24800, 16, 2023/12/16, 17:44:26.751, 2654919234598, testhost.dll, TestExecutionRecorder.RecordEnd: test: TaskBuddy.Tests.Notificari.VerifyDeadLine execution completed.
TpTrace Verbose: 0 : 24800, 16, 2023/12/16, 17:44:27.156, 2654923278790, testhost.dll, TestExecutionRecorder.RecordResult: Received result for test: TaskBuddy.Tests.TestTaskuri.CanUpdateTaskuri.
TpTrace Verbose: 0 : 24800, 16, 2023/12/16, 17:44:27.157, 2654923293145, testhost.dll, MulticastDelegateUtilities.SafeInvoke: TestCaseEventsHandler.RaiseTestCaseEnd: Invoking callback 1/1 for Microsoft.VisualStudio.TestPlatform.CrossPlatEngine.DataCollection.ProxyOutOfProcDataCollectionManager., took 1 ms.
TpTrace Verbose: 0 : 24800, 16, 2023/12/16, 17:44:27.157, 2654923294896, testhost.dll, MulticastDelegateUtilities.SafeInvoke: TestCaseEventsHandler.RaiseTestCaseEnd: Invoking callback 1/1 for Microsoft.VisualStudio.TestPlatform.CrossPlatEngine.DataCollection.ProxyOutOfProcDataCollectionManager., took 0 ms.
TpTrace Verbose: 0 : 24800, 16, 2023/12/16, 17:44:27.157, 2654923297464, testhost.dll, TestExecutionRecorder.RecordEnd: test: TaskBuddy.Tests.TestTaskuri.CanUpdateTaskuri execution completed.
TpTrace Warning: 0 : 24800, 16, 2023/12/16, 17:44:27.157, 2654923298178, testhost.dll, TestRunCache: InProgressTests is null
TpTrace Verbose: 0 : 24800, 16, 2023/12/16, 17:44:27.157, 2654923298547, testhost.dll, TestExecutionRecorder.RecordStart: Starting test: TaskBuddy.Tests.TestTaskuri.CanGetTaskuri.
TpTrace Verbose: 0 : 24800, 16, 2023/12/16, 17:44:27.158, 2654923304980, testhost.dll, MulticastDelegateUtilities.SafeInvoke: TestCaseEventsHandler.RaiseTestCaseStart: Invoking callback 1/1 for Microsoft.VisualStudio.TestPlatform.CrossPlatEngine.DataCollection.ProxyOutOfProcDataCollectionManager., took 0 ms.
TpTrace Verbose: 0 : 24800, 16, 2023/12/16, 17:44:27.162, 2654923347286, testhost.dll, TestExecutionRecorder.RecordResult: Received result for test: TaskBuddy.Tests.TestTaskuri.CanGetTaskuri.
TpTrace Verbose: 0 : 24800, 16, 2023/12/16, 17:44:27.163, 2654923358313, testhost.dll, MulticastDelegateUtilities.SafeInvoke: TestCaseEventsHandler.RaiseTestCaseEnd: Invoking callback 1/1 for Microsoft.VisualStudio.TestPlatform.CrossPlatEngine.DataCollection.ProxyOutOfProcDataCollectionManager., took 1 ms.
TpTrace Verbose: 0 : 24800, 16, 2023/12/16, 17:44:27.164, 2654923358940, testhost.dll, MulticastDelegateUtilities.SafeInvoke: TestCaseEventsHandler.RaiseTestCaseEnd: Invoking callback 1/1 for Microsoft.VisualStudio.TestPlatform.CrossPlatEngine.DataCollection.ProxyOutOfProcDataCollectionManager., took 0 ms.
TpTrace Verbose: 0 : 24800, 16, 2023/12/16, 17:44:27.164, 2654923359356, testhost.dll, TestExecutionRecorder.RecordEnd: test: TaskBuddy.Tests.TestTaskuri.CanGetTaskuri execution completed.
TpTrace Warning: 0 : 24800, 16, 2023/12/16, 17:44:27.164, 2654923359496, testhost.dll, TestRunCache: InProgressTests is null
TpTrace Verbose: 0 : 24800, 16, 2023/12/16, 17:44:27.164, 2654923359747, testhost.dll, TestExecutionRecorder.RecordStart: Starting test: TaskBuddy.Tests.TestTaskuri.CanAddTask.
TpTrace Verbose: 0 : 24800, 16, 2023/12/16, 17:44:27.164, 2654923367715, testhost.dll, MulticastDelegateUtilities.SafeInvoke: TestCaseEventsHandler.RaiseTestCaseStart: Invoking callback 1/1 for Microsoft.VisualStudio.TestPlatform.CrossPlatEngine.DataCollection.ProxyOutOfProcDataCollectionManager., took 0 ms.
TpTrace Verbose: 0 : 24800, 16, 2023/12/16, 17:44:27.169, 2654923409334, testhost.dll, TestExecutionRecorder.RecordResult: Received result for test: TaskBuddy.Tests.TestTaskuri.CanAddTask.
TpTrace Verbose: 0 : 24800, 16, 2023/12/16, 17:44:27.169, 2654923416579, testhost.dll, MulticastDelegateUtilities.SafeInvoke: TestCaseEventsHandler.RaiseTestCaseEnd: Invoking callback 1/1 for Microsoft.VisualStudio.TestPlatform.CrossPlatEngine.DataCollection.ProxyOutOfProcDataCollectionManager., took 0 ms.
TpTrace Verbose: 0 : 24800, 16, 2023/12/16, 17:44:27.169, 2654923417109, testhost.dll, MulticastDelegateUtilities.SafeInvoke: TestCaseEventsHandler.RaiseTestCaseEnd: Invoking callback 1/1 for Microsoft.VisualStudio.TestPlatform.CrossPlatEngine.DataCollection.ProxyOutOfProcDataCollectionManager., took 0 ms.
TpTrace Verbose: 0 : 24800, 16, 2023/12/16, 17:44:27.169, 2654923417472, testhost.dll, TestExecutionRecorder.RecordEnd: test: TaskBuddy.Tests.TestTaskuri.CanAddTask execution completed.
TpTrace Warning: 0 : 24800, 16, 2023/12/16, 17:44:27.169, 2654923417633, testhost.dll, TestRunCache: InProgressTests is null
TpTrace Verbose: 0 : 24800, 16, 2023/12/16, 17:44:27.169, 2654923417854, testhost.dll, TestExecutionRecorder.RecordStart: Starting test: TaskBuddy.Tests.TestTaskuri.CanDeleteTaskuri.
TpTrace Verbose: 0 : 24800, 16, 2023/12/16, 17:44:27.170, 2654923423988, testhost.dll, MulticastDelegateUtilities.SafeInvoke: TestCaseEventsHandler.RaiseTestCaseStart: Invoking callback 1/1 for Microsoft.VisualStudio.TestPlatform.CrossPlatEngine.DataCollection.ProxyOutOfProcDataCollectionManager., took 0 ms.
TpTrace Verbose: 0 : 24800, 16, 2023/12/16, 17:44:27.177, 2654923494496, testhost.dll, TestExecutionRecorder.RecordResult: Received result for test: TaskBuddy.Tests.TestTaskuri.CanDeleteTaskuri.
TpTrace Verbose: 0 : 24800, 16, 2023/12/16, 17:44:27.178, 2654923503915, testhost.dll, MulticastDelegateUtilities.SafeInvoke: TestCaseEventsHandler.RaiseTestCaseEnd: Invoking callback 1/1 for Microsoft.VisualStudio.TestPlatform.CrossPlatEngine.DataCollection.ProxyOutOfProcDataCollectionManager., took 0 ms.
TpTrace Verbose: 0 : 24800, 16, 2023/12/16, 17:44:27.178, 2654923504442, testhost.dll, MulticastDelegateUtilities.SafeInvoke: TestCaseEventsHandler.RaiseTestCaseEnd: Invoking callback 1/1 for Microsoft.VisualStudio.TestPlatform.CrossPlatEngine.DataCollection.ProxyOutOfProcDataCollectionManager., took 0 ms.
TpTrace Verbose: 0 : 24800, 16, 2023/12/16, 17:44:27.178, 2654923504858, testhost.dll, TestExecutionRecorder.RecordEnd: test: TaskBuddy.Tests.TestTaskuri.CanDeleteTaskuri execution completed.
TpTrace Warning: 0 : 24800, 16, 2023/12/16, 17:44:27.178, 2654923505007, testhost.dll, TestRunCache: InProgressTests is null
TpTrace Information: 0 : 24800, 4, 2023/12/16, 17:44:27.179, 2654923518346, testhost.dll, [xUnit.net 00:00:00.57]   Finished:    TaskBuddy
TpTrace Verbose: 0 : 24800, 4, 2023/12/16, 17:44:27.180, 2654923518997, testhost.dll, TestRequestHandler.SendData: sending data from testhost: {"Version":7,"MessageType":"TestSession.Message","Payload":{"MessageLevel":0,"Message":"[xUnit.net 00:00:00.57]   Finished:    TaskBuddy"}}
TpTrace Verbose: 0 : 24800, 4, 2023/12/16, 17:44:27.180, 2654923519692, testhost.dll, MulticastDelegateUtilities.SafeInvoke: TestRunMessageLoggerProxy.SendMessage: Invoking callback 1/1 for Microsoft.VisualStudio.TestPlatform.CrossPlatEngine.Execution.RunTestsWithSources., took 0 ms.
TpTrace Verbose: 0 : 24800, 4, 2023/12/16, 17:44:27.182, 2654923538986, testhost.dll, BaseRunTests.RunTestInternalWithExecutors: Completed running tests for executor://xunit/VsTestRunner2/netcoreapp
TpTrace Verbose: 0 : 24800, 4, 2023/12/16, 17:44:27.182, 2654923544867, testhost.dll, MulticastDelegateUtilities.SafeInvoke: TestCaseEventsHandler.RaiseSessionEnd: Invoking callback 1/1 for Microsoft.VisualStudio.TestPlatform.CrossPlatEngine.DataCollection.ProxyOutOfProcDataCollectionManager., took 0 ms.
TpTrace Information: 0 : 24800, 4, 2023/12/16, 17:44:27.185, 2654923568954, testhost.dll, Sending test run complete
TpTrace Verbose: 0 : 24800, 4, 2023/12/16, 17:44:27.201, 2654923737975, testhost.dll, TestRequestHandler.SendData: sending data from testhost: {"Version":7,"MessageType":"TestExecution.Completed","Payload":{"TestRunCompleteArgs":{"TestRunStatistics":{"ExecutedTests":5,"Stats":{"Passed":5}},"IsCanceled":false,"IsAborted":false,"Error":null,"AttachmentSets":[],"InvokedDataCollectors":[],"ElapsedTimeInRunningTests":"00:00:00.5784298","Metrics":{},"DiscoveredExtensions":{"TestDiscoverers":["Xunit.Runner.VisualStudio.VsTestRunner, xunit.runner.visualstudio.dotnetcore.testadapter, Version=2.5.5.0, Culture=neutral, PublicKeyToken=null"],"TestExecutors":["executor://xunit/VsTestRunner2/netcoreapp"],"TestExecutors2":[],"TestSettingsProviders":[]}},"LastRunTests":{"NewTestResults":[{"TestCase":{"Id":"a992a959-963c-8633-60e7-70638759047c","FullyQualifiedName":"TaskBuddy.Tests.Notificari.VerifyDeadLine","DisplayName":"TaskBuddy.Tests.Notificari.VerifyDeadLine","ExecutorUri":"executor://xunit/VsTestRunner2/netcoreapp","Source":"E:\\Facultate\\An1\\Sem1\\MOPS\\TaskBuddy_xunit\\bin\\Debug\\net8.0\\fine-code-coverage\\build-output\\TaskBuddy.dll","CodeFilePath":null,"LineNumber":0,"Properties":[]},"Attachments":[],"Outcome":1,"ErrorMessage":null,"ErrorStackTrace":null,"DisplayName":"TaskBuddy.Tests.Notificari.VerifyDeadLine","Messages":[],"ComputerName":"DESKTOP-U4MBHM7","Duration":"00:00:00.0057496","StartTime":"2023-12-16T15:44:26.7426122+00:00","EndTime":"2023-12-16T15:44:26.7426259+00:00","Properties":[]},{"TestCase":{"Id":"24a04280-5dcd-efbe-6afc-1ed260a0778e","FullyQualifiedName":"TaskBuddy.Tests.TestTaskuri.CanUpdateTaskuri","DisplayName":"TaskBuddy.Tests.TestTaskuri.CanUpdateTaskuri","ExecutorUri":"executor://xunit/VsTestRunner2/netcoreapp","Source":"E:\\Facultate\\An1\\Sem1\\MOPS\\TaskBuddy_xunit\\bin\\Debug\\net8.0\\fine-code-coverage\\build-output\\TaskBuddy.dll","CodeFilePath":null,"LineNumber":0,"Properties":[]},"Attachments":[],"Outcome":1,"ErrorMessage":null,"ErrorStackTrace":null,"DisplayName":"TaskBuddy.Tests.TestTaskuri.CanUpdateTaskuri","Messages":[],"ComputerName":"DESKTOP-U4MBHM7","Duration":"00:00:00.4255434","StartTime":"2023-12-16T15:44:27.155982+00:00","EndTime":"2023-12-16T15:44:27.1559821+00:00","Properties":[]},{"TestCase":{"Id":"852c271a-b94a-d35c-8ca0-1a2878f2d019","FullyQualifiedName":"TaskBuddy.Tests.TestTaskuri.CanGetTaskuri","DisplayName":"TaskBuddy.Tests.TestTaskuri.CanGetTaskuri","ExecutorUri":"executor://xunit/VsTestRunner2/netcoreapp","Source":"E:\\Facultate\\An1\\Sem1\\MOPS\\TaskBuddy_xunit\\bin\\Debug\\net8.0\\fine-code-coverage\\build-output\\TaskBuddy.dll","CodeFilePath":null,"LineNumber":0,"Properties":[]},"Attachments":[],"Outcome":1,"ErrorMessage":null,"ErrorStackTrace":null,"DisplayName":"TaskBuddy.Tests.TestTaskuri.CanGetTaskuri","Messages":[],"ComputerName":"DESKTOP-U4MBHM7","Duration":"00:00:00.0068053","StartTime":"2023-12-16T15:44:27.1628354+00:00","EndTime":"2023-12-16T15:44:27.1628355+00:00","Properties":[]},{"TestCase":{"Id":"d21e2d7c-1aaa-85b1-7e4b-a83294318662","FullyQualifiedName":"TaskBuddy.Tests.TestTaskuri.CanAddTask","DisplayName":"TaskBuddy.Tests.TestTaskuri.CanAddTask","ExecutorUri":"executor://xunit/VsTestRunner2/netcoreapp","Source":"E:\\Facultate\\An1\\Sem1\\MOPS\\TaskBuddy_xunit\\bin\\Debug\\net8.0\\fine-code-coverage\\build-output\\TaskBuddy.dll","CodeFilePath":null,"LineNumber":0,"Properties":[]},"Attachments":[],"Outcome":1,"ErrorMessage":null,"ErrorStackTrace":null,"DisplayName":"TaskBuddy.Tests.TestTaskuri.CanAddTask","Messages":[],"ComputerName":"DESKTOP-U4MBHM7","Duration":"00:00:00.0061666","StartTime":"2023-12-16T15:44:27.1690496+00:00","EndTime":"2023-12-16T15:44:27.1690497+00:00","Properties":[]},{"TestCase":{"Id":"5833fcf1-21b5-0f83-7ea5-89285a71ff60","FullyQualifiedName":"TaskBuddy.Tests.TestTaskuri.CanDeleteTaskuri","DisplayName":"TaskBuddy.Tests.TestTaskuri.CanDeleteTaskuri","ExecutorUri":"executor://xunit/VsTestRunner2/netcoreapp","Source":"E:\\Facultate\\An1\\Sem1\\MOPS\\TaskBuddy_xunit\\bin\\Debug\\net8.0\\fine-code-coverage\\build-output\\TaskBuddy.dll","CodeFilePath":null,"LineNumber":0,"Properties":[]},"Attachments":[],"Outcome":1,"ErrorMessage":null,"ErrorStackTrace":null,"DisplayName":"TaskBuddy.Tests.TestTaskuri.CanDeleteTaskuri","Messages":[],"ComputerName":"DESKTOP-U4MBHM7","Duration":"00:00:00.0084502","StartTime":"2023-12-16T15:44:27.177561+00:00","EndTime":"2023-12-16T15:44:27.1775611+00:00","Properties":[]}],"TestRunStatistics":{"ExecutedTests":5,"Stats":{"Passed":5}},"ActiveTests":[]},"RunAttachments":[],"ExecutorUris":["executor://xunit/VsTestRunner2/netcoreapp"]}}
TpTrace Verbose: 0 : 24800, 4, 2023/12/16, 17:44:27.202, 2654923740312, testhost.dll, BaseRunTests.RunTests: Run is complete.
TpTrace Verbose: 0 : 24800, 7, 2023/12/16, 17:44:27.202, 2654923743738, testhost.dll, TcpClientExtensions.MessageLoopAsync: NotifyDataAvailable remoteEndPoint: [::ffff:127.0.0.1]:50423 localEndPoint: [::ffff:127.0.0.1]:50424
TpTrace Information: 0 : 24800, 7, 2023/12/16, 17:44:27.202, 2654923744302, testhost.dll, TestRequestHandler.OnMessageReceived: received message: (TestSession.Terminate) -> {"MessageType":"TestSession.Terminate","Payload":null}
TpTrace Information: 0 : 24800, 7, 2023/12/16, 17:44:27.202, 2654923744483, testhost.dll, Session End message received from server. Closing the connection.
TpTrace Information: 0 : 24800, 7, 2023/12/16, 17:44:27.202, 2654923746402, testhost.dll, SocketClient.Stop: Stop communication from server endpoint: 127.0.0.1:050423
TpTrace Information: 0 : 24800, 7, 2023/12/16, 17:44:27.202, 2654923746704, testhost.dll, SocketClient: Stop: Cancellation requested. Stopping message loop.
TpTrace Verbose: 0 : 24800, 7, 2023/12/16, 17:44:27.202, 2654923747494, testhost.dll, LengthPrefixCommunicationChannel.Dispose: Dispose reader and writer.
TpTrace Information: 0 : 24800, 7, 2023/12/16, 17:44:27.202, 2654923747800, testhost.dll, Closing the connection !
TpTrace Verbose: 0 : 24800, 7, 2023/12/16, 17:44:27.202, 2654923747955, testhost.dll, MulticastDelegateUtilities.SafeInvoke: LengthPrefixCommunicationChannel: MessageReceived: Invoking callback 1/1 for Microsoft.VisualStudio.TestPlatform.CommunicationUtilities.TestRequestHandler., took 0 ms.
TpTrace Information: 0 : 24800, 1, 2023/12/16, 17:44:27.202, 2654923748217, testhost.dll, Closing the connection!
TpTrace Information: 0 : 24800, 1, 2023/12/16, 17:44:27.203, 2654923748954, testhost.dll, Testhost process exiting.
TpTrace Information: 0 : 24800, 7, 2023/12/16, 17:44:27.203, 2654923749064, testhost.dll, SocketClient.PrivateStop: Stop communication from server endpoint: 127.0.0.1:050423, error:
TpTrace Verbose: 0 : 24800, 7, 2023/12/16, 17:44:27.203, 2654923750049, testhost.dll, LengthPrefixCommunicationChannel.Dispose: Dispose reader and writer.
TpTrace Verbose: 0 : 24800, 7, 2023/12/16, 17:44:27.203, 2654923750346, testhost.dll, TcpClientExtensions.MessageLoopAsync: exiting MessageLoopAsync remoteEndPoint: [::ffff:127.0.0.1]:50423 localEndPoint: [::ffff:127.0.0.1]:50424
